[debug] [2026-01-25T13:26:18.167Z] ----------------------------------------------------------------------
[debug] [2026-01-25T13:26:18.170Z] Command:       /nix/store/ws50yvm6vzlzf7jzz6n7xh4szddrack1-nodejs-20.19.1/bin/node /nix/store/c776mhyhgykcld7p90ajrka149ifn61a-firebase-tools-14.26.0/lib/node_modules/firebase-tools/lib/bin/firebase.js init hosting
[debug] [2026-01-25T13:26:18.171Z] CLI Version:   14.26.0
[debug] [2026-01-25T13:26:18.171Z] Platform:      linux
[debug] [2026-01-25T13:26:18.171Z] Node Version:  v20.19.1
[debug] [2026-01-25T13:26:18.171Z] Time:          Sun Jan 25 2026 13:26:18 GMT+0000 (Coordinated Universal Time)
[debug] [2026-01-25T13:26:18.172Z] ----------------------------------------------------------------------
[debug] 
[debug] [2026-01-25T13:26:18.180Z] No OAuth tokens found
[debug] [2026-01-25T13:26:18.180Z] No OAuth tokens found
[error] Failed to fetch Firebase Project from current Studio Workspace: Unable to refresh auth: not yet authenticated.
[info] 
     ######## #### ########  ######## ########     ###     ######  ########
     ##        ##  ##     ## ##       ##     ##  ##   ##  ##       ##
     ######    ##  ########  ######   ########  #########  ######  ######
     ##        ##  ##    ##  ##       ##     ## ##     ##       ## ##
     ##       #### ##     ## ######## ########  ##     ##  ######  ########

You're about to initialize a Firebase project in this directory:

  /home/user/MONACAPRO-TRADING-PLATFORM

[info] 
=== Project Setup
[info] 
[info] First, let's associate this project directory with a Firebase project.
[info] You can create multiple project aliases by running firebase use --add, 
[info] 
[debug] [2026-01-25T13:26:18.190Z] > command requires scopes: ["email","openid","https://www.googleapis.com/auth/cloudplatformprojects.readonly","https://www.googleapis.com/auth/firebase","https://www.googleapis.com/auth/cloud-platform","https://www.googleapis.com/auth/userinfo.email"]
[debug] [2026-01-25T13:26:18.190Z] > authorizing via signed-in user (rezonerizz@gmail.com)
[debug] [2026-01-25T13:26:18.191Z] No OAuth tokens found
[debug] [2026-01-25T13:26:18.191Z] No OAuth tokens found
[debug] [2026-01-25T13:26:18.191Z] > command requires scopes: ["email","openid","https://www.googleapis.com/auth/cloudplatformprojects.readonly","https://www.googleapis.com/auth/firebase","https://www.googleapis.com/auth/cloud-platform","https://www.googleapis.com/auth/userinfo.email"]
[debug] [2026-01-25T13:26:18.191Z] > authorizing via signed-in user (rezonerizz@gmail.com)
[debug] [2026-01-25T13:26:18.195Z] >>> [apiv2][query] GET https://firebase.googleapis.com/v1beta1/projects/vct-trading [none]
[debug] [2026-01-25T13:26:18.499Z] <<< [apiv2][status] GET https://firebase.googleapis.com/v1beta1/projects/vct-trading 200
[debug] [2026-01-25T13:26:18.499Z] <<< [apiv2][body] GET https://firebase.googleapis.com/v1beta1/projects/vct-trading {"projectId":"vct-trading","projectNumber":"66965555658","displayName":"VCT-TRADING","name":"projects/vct-trading","resources":{"hostingSite":"vct-trading"},"state":"ACTIVE","etag":"1_dc8c37ff-6815-453b-a7b6-c8b666e7c98f"}
[info] i  Using project vct-trading (VCT-TRADING) . 
[info] 
=== Hosting Setup
[debug] [2026-01-25T13:26:18.518Z] No OAuth tokens found
[debug] [2026-01-25T13:26:18.518Z] No OAuth tokens found
[debug] [2026-01-25T13:26:18.519Z] > command requires scopes: ["email","openid","https://www.googleapis.com/auth/cloudplatformprojects.readonly","https://www.googleapis.com/auth/firebase","https://www.googleapis.com/auth/cloud-platform","https://www.googleapis.com/auth/userinfo.email"]
[debug] [2026-01-25T13:26:18.519Z] > authorizing via signed-in user (rezonerizz@gmail.com)
[debug] [2026-01-25T13:26:18.519Z] >>> [apiv2][query] GET https://firebase.googleapis.com/v1beta1/projects/vct-trading [none]
[debug] [2026-01-25T13:26:18.726Z] <<< [apiv2][status] GET https://firebase.googleapis.com/v1beta1/projects/vct-trading 200
[debug] [2026-01-25T13:26:18.726Z] <<< [apiv2][body] GET https://firebase.googleapis.com/v1beta1/projects/vct-trading {"projectId":"vct-trading","projectNumber":"66965555658","displayName":"VCT-TRADING","name":"projects/vct-trading","resources":{"hostingSite":"vct-trading"},"state":"ACTIVE","etag":"1_dc8c37ff-6815-453b-a7b6-c8b666e7c98f"}
